let === (-1, -1)
, === (-1, -1)
, === (-1, -1)
: === (-1, -1)
int === (-1, -1)
; === (-1, -1)
id MIN === (4, 0)
, === (-1, -1)
id MAX === (6, 0)
: === (-1, -1)
int === (-1, -1)
; === (-1, -1)
start === (-1, -1)
read === (-1, -1)
( === (-1, -1)
id A === (1, 0)
) === (-1, -1)
id MIN === (4, 0)
:= === (-1, -1)
id A === (1, 0)
id MAX === (6, 0)
:= === (-1, -1)
id B === (2, 0)
read === (-1, -1)
( === (-1, -1)
id B === (2, 0)
) === (-1, -1)
; === (-1, -1)
if === (-1, -1)
id B === (2, 0)
> === (-1, -1)
id MAX === (6, 0)
then === (-1, -1)
id MAX === (6, 0)
:= === (-1, -1)
id B === (2, 0)
; === (-1, -1)
end === (-1, -1)
else === (-1, -1)
if === (-1, -1)
id B === (2, 0)
< === (-1, -1)
id MIN === (4, 0)
then === (-1, -1)
start === (-1, -1)
id MIN === (4, 0)
:= === (-1, -1)
id B === (2, 0)
; === (-1, -1)
end === (-1, -1)
read === (-1, -1)
( === (-1, -1)
id C === (3, 0)
) === (-1, -1)
; === (-1, -1)
if === (-1, -1)
id C === (3, 0)
> === (-1, -1)
id MAX === (6, 0)
then === (-1, -1)
start === (-1, -1)
id MAX === (6, 0)
:= === (-1, -1)
id C === (3, 0)
; === (-1, -1)
end === (-1, -1)
else === (-1, -1)
if === (-1, -1)
id C === (3, 0)
< === (-1, -1)
id MIN === (4, 0)
then === (-1, -1)
start === (-1, -1)
id MIN === (4, 0)
:= === (-1, -1)
id C === (3, 0)
; === (-1, -1)
end === (-1, -1)
write === (-1, -1)
( === (-1, -1)
id MIN === (4, 0)
) === (-1, -1)
; === (-1, -1)
write === (-1, -1)
( === (-1, -1)
id MAX === (6, 0)
) === (-1, -1)
end === (-1, -1)
