let === (-1, -1)
id X === (8, 0)
, === (-1, -1)
id N === (14, 0)
, === (-1, -1)
id SUM === (5, 0)
: === (-1, -1)
int === (-1, -1)
; === (-1, -1)
start === (-1, -1)
read === (-1, -1)
( === (-1, -1)
id N === (14, 0)
) === (-1, -1)
; === (-1, -1)
id SUM === (5, 0)
:= === (-1, -1)
const === (0, 0)
; === (-1, -1)
while === (-1, -1)
id N === (14, 0)
> === (-1, -1)
const === (0, 0)
do === (-1, -1)
start === (-1, -1)
read === (-1, -1)
( === (-1, -1)
id X === (8, 0)
) === (-1, -1)
; === (-1, -1)
id SUM === (5, 0)
:= === (-1, -1)
id SUM === (5, 0)
+ === (-1, -1)
id X === (8, 0)
; === (-1, -1)
id N === (14, 0)
:= === (-1, -1)
id N === (14, 0)
- === (-1, -1)
const === (1, 0)
; === (-1, -1)
end === (-1, -1)
write === (-1, -1)
( === (-1, -1)
id SUM === (5, 0)
) === (-1, -1)
; === (-1, -1)
end === (-1, -1)
